E:\PROJECTS\AMP\SOURCE\DESKTOP\AMP_01\AMPSLIB\DEBUG\AMPSDOCKWIDGETBASE.OBJ
E:\PROJECTS\AMP\SOURCE\DESKTOP\AMP_01\AMPSLIB\DEBUG\AMPSMAINWINBASE.OBJ
E:\PROJECTS\AMP\SOURCE\DESKTOP\AMP_01\AMPSLIB\DEBUG\AMPSTABDOCKWINASSETVIEW.OBJ
E:\PROJECTS\AMP\SOURCE\DESKTOP\AMP_01\AMPSLIB\DEBUG\AMPSTABDOCKWINFOLDERVIEW.OBJ
E:\PROJECTS\AMP\SOURCE\DESKTOP\AMP_01\AMPSLIB\DEBUG\AMPSTABDOCKWINPROJVIEW.OBJ
E:\PROJECTS\AMP\SOURCE\DESKTOP\AMP_01\AMPSLIB\DEBUG\AMPSTREEWIDGETBASE.OBJ
E:\PROJECTS\AMP\SOURCE\DESKTOP\AMP_01\AMPSLIB\DEBUG\AMPSVIEWCONTAINERQTGUI.OBJ
E:\PROJECTS\AMP\SOURCE\DESKTOP\AMP_01\AMPSLIB\DEBUG\AMPSWIDGETASSETCOMMENT.OBJ
E:\PROJECTS\AMP\SOURCE\DESKTOP\AMP_01\AMPSLIB\DEBUG\AMPSWIDGETASSETPROP.OBJ
E:\PROJECTS\AMP\SOURCE\DESKTOP\AMP_01\AMPSLIB\DEBUG\AMPSWIDGETASSETREVISION.OBJ
E:\PROJECTS\AMP\SOURCE\DESKTOP\AMP_01\AMPSLIB\DEBUG\AMPSWIDGETASSETSELECTOR.OBJ
E:\PROJECTS\AMP\SOURCE\DESKTOP\AMP_01\AMPSLIB\DEBUG\AMPSWIDGETASSETTNVIEW.OBJ
E:\PROJECTS\AMP\SOURCE\DESKTOP\AMP_01\AMPSLIB\DEBUG\AMPSWIDGETFOLDERSELECTOR.OBJ
E:\PROJECTS\AMP\SOURCE\DESKTOP\AMP_01\AMPSLIB\DEBUG\AMPSWIDGETFOLDERVIEW.OBJ
E:\PROJECTS\AMP\SOURCE\DESKTOP\AMP_01\AMPSLIB\DEBUG\AMPSWIDGETMANAGEPROJSELECTOR.OBJ
E:\PROJECTS\AMP\SOURCE\DESKTOP\AMP_01\AMPSLIB\DEBUG\AMPSWIDGETPROJBULLETIN.OBJ
E:\PROJECTS\AMP\SOURCE\DESKTOP\AMP_01\AMPSLIB\DEBUG\AMPSWIDGETPROJCHART.OBJ
E:\PROJECTS\AMP\SOURCE\DESKTOP\AMP_01\AMPSLIB\DEBUG\AMPSWIDGETPROJINFO.OBJ
E:\PROJECTS\AMP\SOURCE\DESKTOP\AMP_01\AMPSLIB\DEBUG\AMPSWIDGETPROJSELECTOR.OBJ
E:\PROJECTS\AMP\SOURCE\DESKTOP\AMP_01\AMPSLIB\DEBUG\AMPSWINPROJ.OBJ
E:\PROJECTS\AMP\SOURCE\DESKTOP\AMP_01\AMPSLIB\DEBUG\AMPSWINPROJVIEW.OBJ
E:\Projects\AMP\Source\Desktop\AMP_01\ampsLib\Debug\cl.command.1.tlog
E:\Projects\AMP\Source\Desktop\AMP_01\ampsLib\Debug\CL.read.1.tlog
E:\Projects\AMP\Source\Desktop\AMP_01\ampsLib\Debug\CL.write.1.tlog
E:\Projects\AMP\Source\Desktop\AMP_01\ampsLib\Debug\custombuild.command.1.tlog
E:\Projects\AMP\Source\Desktop\AMP_01\ampsLib\Debug\custombuild.read.1.tlog
E:\Projects\AMP\Source\Desktop\AMP_01\ampsLib\Debug\custombuild.write.1.tlog
E:\Projects\AMP\Source\Desktop\AMP_01\ampsLib\Debug\lib.command.1.tlog
E:\Projects\AMP\Source\Desktop\AMP_01\ampsLib\Debug\Lib-link.read.1.tlog
E:\Projects\AMP\Source\Desktop\AMP_01\ampsLib\Debug\Lib-link.write.1.tlog
E:\PROJECTS\AMP\SOURCE\DESKTOP\AMP_01\AMPSLIB\DEBUG\MGSCROLLAREA.OBJ
E:\PROJECTS\AMP\SOURCE\DESKTOP\AMP_01\AMPSLIB\DEBUG\MGWIDGET.OBJ
E:\PROJECTS\AMP\SOURCE\DESKTOP\AMP_01\AMPSLIB\DEBUG\MOC_AMPSDOCKWIDGETBASE.OBJ
E:\PROJECTS\AMP\SOURCE\DESKTOP\AMP_01\AMPSLIB\DEBUG\MOC_AMPSMAINWINBASE.OBJ
E:\PROJECTS\AMP\SOURCE\DESKTOP\AMP_01\AMPSLIB\DEBUG\MOC_AMPSTABDOCKWINASSETVIEW.OBJ
E:\PROJECTS\AMP\SOURCE\DESKTOP\AMP_01\AMPSLIB\DEBUG\MOC_AMPSTABDOCKWINFOLDERVIEW.OBJ
E:\PROJECTS\AMP\SOURCE\DESKTOP\AMP_01\AMPSLIB\DEBUG\MOC_AMPSTABDOCKWINPROJVIEW.OBJ
E:\PROJECTS\AMP\SOURCE\DESKTOP\AMP_01\AMPSLIB\DEBUG\MOC_AMPSTREEWIDGETBASE.OBJ
E:\PROJECTS\AMP\SOURCE\DESKTOP\AMP_01\AMPSLIB\DEBUG\MOC_AMPSVIEWCONTAINERQTGUI.OBJ
E:\PROJECTS\AMP\SOURCE\DESKTOP\AMP_01\AMPSLIB\DEBUG\MOC_AMPSWIDGETASSETCOMMENT.OBJ
E:\PROJECTS\AMP\SOURCE\DESKTOP\AMP_01\AMPSLIB\DEBUG\MOC_AMPSWIDGETASSETPROP.OBJ
E:\PROJECTS\AMP\SOURCE\DESKTOP\AMP_01\AMPSLIB\DEBUG\MOC_AMPSWIDGETASSETREVISION.OBJ
E:\PROJECTS\AMP\SOURCE\DESKTOP\AMP_01\AMPSLIB\DEBUG\MOC_AMPSWIDGETASSETSELECTOR.OBJ
E:\PROJECTS\AMP\SOURCE\DESKTOP\AMP_01\AMPSLIB\DEBUG\MOC_AMPSWIDGETASSETTNVIEW.OBJ
E:\PROJECTS\AMP\SOURCE\DESKTOP\AMP_01\AMPSLIB\DEBUG\MOC_AMPSWIDGETFOLDERSELECTOR.OBJ
E:\PROJECTS\AMP\SOURCE\DESKTOP\AMP_01\AMPSLIB\DEBUG\MOC_AMPSWIDGETFOLDERVIEW.OBJ
E:\PROJECTS\AMP\SOURCE\DESKTOP\AMP_01\AMPSLIB\DEBUG\MOC_AMPSWIDGETMANAGEPROJSELECTOR.OBJ
E:\PROJECTS\AMP\SOURCE\DESKTOP\AMP_01\AMPSLIB\DEBUG\MOC_AMPSWIDGETPROJBULLETIN.OBJ
E:\PROJECTS\AMP\SOURCE\DESKTOP\AMP_01\AMPSLIB\DEBUG\MOC_AMPSWIDGETPROJCHART.OBJ
E:\PROJECTS\AMP\SOURCE\DESKTOP\AMP_01\AMPSLIB\DEBUG\MOC_AMPSWIDGETPROJINFO.OBJ
E:\PROJECTS\AMP\SOURCE\DESKTOP\AMP_01\AMPSLIB\DEBUG\MOC_AMPSWIDGETPROJSELECTOR.OBJ
E:\PROJECTS\AMP\SOURCE\DESKTOP\AMP_01\AMPSLIB\DEBUG\MOC_MGSCROLLAREA.OBJ
E:\PROJECTS\AMP\SOURCE\DESKTOP\AMP_01\AMPSLIB\DEBUG\MOC_MGWIDGET.OBJ
E:\PROJECTS\AMP\SOURCE\DESKTOP\AMP_01\AMPSLIB\DEBUG\VC100.PDB
E:\PROJECTS\AMP\SOURCE\DESKTOP\AMP_01\AMPSLIB\GENERATEDFILES\DEBUG\MOC_AMPSDOCKWIDGETBASE.CPP
E:\PROJECTS\AMP\SOURCE\DESKTOP\AMP_01\AMPSLIB\GENERATEDFILES\DEBUG\MOC_AMPSMAINWINBASE.CPP
E:\PROJECTS\AMP\SOURCE\DESKTOP\AMP_01\AMPSLIB\GENERATEDFILES\DEBUG\MOC_AMPSTABDOCKWINASSETVIEW.CPP
E:\PROJECTS\AMP\SOURCE\DESKTOP\AMP_01\AMPSLIB\GENERATEDFILES\DEBUG\MOC_AMPSTABDOCKWINFOLDERVIEW.CPP
E:\PROJECTS\AMP\SOURCE\DESKTOP\AMP_01\AMPSLIB\GENERATEDFILES\DEBUG\MOC_AMPSTABDOCKWINPROJVIEW.CPP
E:\PROJECTS\AMP\SOURCE\DESKTOP\AMP_01\AMPSLIB\GENERATEDFILES\DEBUG\MOC_AMPSTREEWIDGETBASE.CPP
E:\PROJECTS\AMP\SOURCE\DESKTOP\AMP_01\AMPSLIB\GENERATEDFILES\DEBUG\MOC_AMPSVIEWCONTAINERQTGUI.CPP
E:\PROJECTS\AMP\SOURCE\DESKTOP\AMP_01\AMPSLIB\GENERATEDFILES\DEBUG\MOC_AMPSWIDGETASSETCOMMENT.CPP
E:\PROJECTS\AMP\SOURCE\DESKTOP\AMP_01\AMPSLIB\GENERATEDFILES\DEBUG\MOC_AMPSWIDGETASSETPROP.CPP
E:\PROJECTS\AMP\SOURCE\DESKTOP\AMP_01\AMPSLIB\GENERATEDFILES\DEBUG\MOC_AMPSWIDGETASSETREVISION.CPP
E:\PROJECTS\AMP\SOURCE\DESKTOP\AMP_01\AMPSLIB\GENERATEDFILES\DEBUG\MOC_AMPSWIDGETASSETSELECTOR.CPP
E:\PROJECTS\AMP\SOURCE\DESKTOP\AMP_01\AMPSLIB\GENERATEDFILES\DEBUG\MOC_AMPSWIDGETASSETTNVIEW.CPP
E:\PROJECTS\AMP\SOURCE\DESKTOP\AMP_01\AMPSLIB\GENERATEDFILES\DEBUG\MOC_AMPSWIDGETFOLDERSELECTOR.CPP
E:\PROJECTS\AMP\SOURCE\DESKTOP\AMP_01\AMPSLIB\GENERATEDFILES\DEBUG\MOC_AMPSWIDGETFOLDERVIEW.CPP
E:\PROJECTS\AMP\SOURCE\DESKTOP\AMP_01\AMPSLIB\GENERATEDFILES\DEBUG\MOC_AMPSWIDGETMANAGEPROJSELECTOR.CPP
E:\PROJECTS\AMP\SOURCE\DESKTOP\AMP_01\AMPSLIB\GENERATEDFILES\DEBUG\MOC_AMPSWIDGETPROJBULLETIN.CPP
E:\PROJECTS\AMP\SOURCE\DESKTOP\AMP_01\AMPSLIB\GENERATEDFILES\DEBUG\MOC_AMPSWIDGETPROJCHART.CPP
E:\PROJECTS\AMP\SOURCE\DESKTOP\AMP_01\AMPSLIB\GENERATEDFILES\DEBUG\MOC_AMPSWIDGETPROJINFO.CPP
E:\PROJECTS\AMP\SOURCE\DESKTOP\AMP_01\AMPSLIB\GENERATEDFILES\DEBUG\MOC_AMPSWIDGETPROJSELECTOR.CPP
E:\PROJECTS\AMP\SOURCE\DESKTOP\AMP_01\AMPSLIB\GENERATEDFILES\DEBUG\MOC_MGSCROLLAREA.CPP
E:\PROJECTS\AMP\SOURCE\DESKTOP\AMP_01\AMPSLIB\GENERATEDFILES\DEBUG\MOC_MGWIDGET.CPP
E:\PROJECTS\AMP\SOURCE\DESKTOP\AMP_01\AMPSLIB\GENERATEDFILES\UI_AMPSDOCKWIDGETASSETCOMMENT.H
E:\PROJECTS\AMP\SOURCE\DESKTOP\AMP_01\AMPSLIB\GENERATEDFILES\UI_AMPSDOCKWIDGETASSETPROP.H
E:\PROJECTS\AMP\SOURCE\DESKTOP\AMP_01\AMPSLIB\GENERATEDFILES\UI_AMPSDOCKWIDGETPROJBULLETIN.H
E:\PROJECTS\AMP\SOURCE\DESKTOP\AMP_01\AMPSLIB\GENERATEDFILES\UI_AMPSDOCKWIDGETPROJCHART.H
E:\PROJECTS\AMP\SOURCE\DESKTOP\AMP_01\AMPSLIB\GENERATEDFILES\UI_AMPSDOCKWIDGETPROJINFO.H
E:\PROJECTS\AMP\SOURCE\DESKTOP\AMP_01\AMPSLIB\GENERATEDFILES\UI_AMPSSCROLLWIDGETPROJINFO.H
E:\PROJECTS\AMP\SOURCE\DESKTOP\AMP_01\AMPSLIB\GENERATEDFILES\UI_AMPSWIDGETASSETCOMMENT.H
E:\PROJECTS\AMP\SOURCE\DESKTOP\AMP_01\AMPSLIB\GENERATEDFILES\UI_AMPSWIDGETASSETPROP.H
E:\PROJECTS\AMP\SOURCE\DESKTOP\AMP_01\AMPSLIB\GENERATEDFILES\UI_AMPSWIDGETASSETREVISION.H
E:\PROJECTS\AMP\SOURCE\DESKTOP\AMP_01\AMPSLIB\GENERATEDFILES\UI_AMPSWIDGETASSETSELECTOR.H
E:\PROJECTS\AMP\SOURCE\DESKTOP\AMP_01\AMPSLIB\GENERATEDFILES\UI_AMPSWIDGETASSETTNVIEW.H
E:\PROJECTS\AMP\SOURCE\DESKTOP\AMP_01\AMPSLIB\GENERATEDFILES\UI_AMPSWIDGETFOLDERSELECTOR.H
E:\PROJECTS\AMP\SOURCE\DESKTOP\AMP_01\AMPSLIB\GENERATEDFILES\UI_AMPSWIDGETFOLDERVIEW.H
E:\PROJECTS\AMP\SOURCE\DESKTOP\AMP_01\AMPSLIB\GENERATEDFILES\UI_AMPSWIDGETPROJBULLETIN.H
E:\PROJECTS\AMP\SOURCE\DESKTOP\AMP_01\AMPSLIB\GENERATEDFILES\UI_AMPSWIDGETPROJCHART.H
E:\PROJECTS\AMP\SOURCE\DESKTOP\AMP_01\AMPSLIB\GENERATEDFILES\UI_AMPSWIDGETPROJINFO.H
E:\PROJECTS\AMP\SOURCE\DESKTOP\AMP_01\AMPSLIB\GENERATEDFILES\UI_AMPSWIDGETPROJSELECTOR.H
E:\PROJECTS\AMP\SOURCE\DESKTOP\AMP_01\AMPSLIB\GENERATEDFILES\UI_AMPSWINPROJ.H
E:\PROJECTS\AMP\SOURCE\DESKTOP\AMP_01\AMPSLIB\GENERATEDFILES\UI_AMPSWINPROJVIEW.H
E:\PROJECTS\AMP\SOURCE\DESKTOP\AMP_01\WIN32\DEBUG\AMPSLIB.LIB
