E:\Projects\3DOCM\Software\Source\AMP_01\ampsLib\Debug\ampsDataDoc.obj
E:\Projects\3DOCM\Software\Source\AMP_01\ampsLib\Debug\ampsDockWidgetBase.obj
E:\Projects\3DOCM\Software\Source\AMP_01\ampsLib\Debug\ampsLib.vcxprojResolveAssemblyReference.cache
E:\Projects\3DOCM\Software\Source\AMP_01\ampsLib\Debug\ampsLib.write.1.tlog
E:\Projects\3DOCM\Software\Source\AMP_01\ampsLib\Debug\ampsMainWinBase.obj
E:\Projects\3DOCM\Software\Source\AMP_01\ampsLib\Debug\ampsNetwork.obj
E:\Projects\3DOCM\Software\Source\AMP_01\ampsLib\Debug\ampsOperationAllQtGUI.obj
E:\Projects\3DOCM\Software\Source\AMP_01\ampsLib\Debug\ampsOperationAllQtGUI_Connect.obj
E:\Projects\3DOCM\Software\Source\AMP_01\ampsLib\Debug\ampsOperationAllQtGUI_SLOTs.obj
E:\Projects\3DOCM\Software\Source\AMP_01\ampsLib\Debug\ampsOperationAutheticateUser.obj
E:\Projects\3DOCM\Software\Source\AMP_01\ampsLib\Debug\ampsOperationBase.obj
E:\Projects\3DOCM\Software\Source\AMP_01\ampsLib\Debug\ampsOperationProjDownload.obj
E:\Projects\3DOCM\Software\Source\AMP_01\ampsLib\Debug\ampsOperationProjInfo.obj
E:\Projects\3DOCM\Software\Source\AMP_01\ampsLib\Debug\ampsOperationProjInfo_SLOTs.obj
E:\Projects\3DOCM\Software\Source\AMP_01\ampsLib\Debug\ampsSortProxyItemView.obj
E:\Projects\3DOCM\Software\Source\AMP_01\ampsLib\Debug\ampsTabDockWinAssetView.obj
E:\Projects\3DOCM\Software\Source\AMP_01\ampsLib\Debug\ampsTabDockWinFolderView.obj
E:\Projects\3DOCM\Software\Source\AMP_01\ampsLib\Debug\ampsTabDockWinProjView.obj
E:\Projects\3DOCM\Software\Source\AMP_01\ampsLib\Debug\ampsTreeView.obj
E:\Projects\3DOCM\Software\Source\AMP_01\ampsLib\Debug\ampsTreeWidgetBase.obj
E:\Projects\3DOCM\Software\Source\AMP_01\ampsLib\Debug\ampsViewContainerQtGUI.obj
E:\Projects\3DOCM\Software\Source\AMP_01\ampsLib\Debug\ampsWidgetAssetComment.obj
E:\Projects\3DOCM\Software\Source\AMP_01\ampsLib\Debug\ampsWidgetAssetProp.obj
E:\Projects\3DOCM\Software\Source\AMP_01\ampsLib\Debug\ampsWidgetAssetRevision.obj
E:\Projects\3DOCM\Software\Source\AMP_01\ampsLib\Debug\ampsWidgetAssetSelector.obj
E:\Projects\3DOCM\Software\Source\AMP_01\ampsLib\Debug\ampsWidgetAssetTNView.obj
E:\Projects\3DOCM\Software\Source\AMP_01\ampsLib\Debug\ampsWidgetAutheticateUser.obj
E:\Projects\3DOCM\Software\Source\AMP_01\ampsLib\Debug\ampsWidgetFolderSelector.obj
E:\Projects\3DOCM\Software\Source\AMP_01\ampsLib\Debug\ampsWidgetFolderView.obj
E:\Projects\3DOCM\Software\Source\AMP_01\ampsLib\Debug\ampsWidgetManageProjSelector.obj
E:\Projects\3DOCM\Software\Source\AMP_01\ampsLib\Debug\ampsWidgetProjBulletin.obj
E:\Projects\3DOCM\Software\Source\AMP_01\ampsLib\Debug\ampsWidgetProjChart.obj
E:\Projects\3DOCM\Software\Source\AMP_01\ampsLib\Debug\ampsWidgetProjInfo.obj
E:\Projects\3DOCM\Software\Source\AMP_01\ampsLib\Debug\ampsWidgetProjSelector.obj
E:\Projects\3DOCM\Software\Source\AMP_01\ampsLib\Debug\ampsWinProj.obj
E:\Projects\3DOCM\Software\Source\AMP_01\ampsLib\Debug\ampsWinProjView.obj
E:\Projects\3DOCM\Software\Source\AMP_01\ampsLib\Debug\cl.command.1.tlog
E:\Projects\3DOCM\Software\Source\AMP_01\ampsLib\Debug\CL.read.1.tlog
E:\Projects\3DOCM\Software\Source\AMP_01\ampsLib\Debug\CL.write.1.tlog
E:\Projects\3DOCM\Software\Source\AMP_01\ampsLib\Debug\custombuild.command.1.tlog
E:\Projects\3DOCM\Software\Source\AMP_01\ampsLib\Debug\custombuild.read.1.tlog
E:\Projects\3DOCM\Software\Source\AMP_01\ampsLib\Debug\custombuild.write.1.tlog
E:\Projects\3DOCM\Software\Source\AMP_01\ampsLib\Debug\droparea.obj
E:\Projects\3DOCM\Software\Source\AMP_01\ampsLib\Debug\dropsitewindow.obj
E:\Projects\3DOCM\Software\Source\AMP_01\ampsLib\Debug\lib.command.1.tlog
E:\Projects\3DOCM\Software\Source\AMP_01\ampsLib\Debug\Lib-link.read.1.tlog
E:\Projects\3DOCM\Software\Source\AMP_01\ampsLib\Debug\Lib-link.write.1.tlog
E:\Projects\3DOCM\Software\Source\AMP_01\ampsLib\Debug\MgDialog.obj
E:\Projects\3DOCM\Software\Source\AMP_01\ampsLib\Debug\MgScrollArea.obj
E:\Projects\3DOCM\Software\Source\AMP_01\ampsLib\Debug\MgWidget.obj
E:\Projects\3DOCM\Software\Source\AMP_01\ampsLib\Debug\moc_ampsDockWidgetBase.obj
E:\Projects\3DOCM\Software\Source\AMP_01\ampsLib\Debug\moc_ampsMainWinBase.obj
E:\Projects\3DOCM\Software\Source\AMP_01\ampsLib\Debug\moc_ampsNetwork.obj
E:\Projects\3DOCM\Software\Source\AMP_01\ampsLib\Debug\moc_ampsOperationAllQtGUI.obj
E:\Projects\3DOCM\Software\Source\AMP_01\ampsLib\Debug\moc_ampsOperationAutheticateUser.obj
E:\Projects\3DOCM\Software\Source\AMP_01\ampsLib\Debug\moc_ampsOperationProjInfo.obj
E:\Projects\3DOCM\Software\Source\AMP_01\ampsLib\Debug\moc_ampsTabDockWinAssetView.obj
E:\Projects\3DOCM\Software\Source\AMP_01\ampsLib\Debug\moc_ampsTabDockWinFolderView.obj
E:\Projects\3DOCM\Software\Source\AMP_01\ampsLib\Debug\moc_ampsTabDockWinProjView.obj
E:\Projects\3DOCM\Software\Source\AMP_01\ampsLib\Debug\moc_ampsTreeView.obj
E:\Projects\3DOCM\Software\Source\AMP_01\ampsLib\Debug\moc_ampsTreeWidgetBase.obj
E:\Projects\3DOCM\Software\Source\AMP_01\ampsLib\Debug\moc_ampsViewContainerQtGUI.obj
E:\Projects\3DOCM\Software\Source\AMP_01\ampsLib\Debug\moc_ampsWidgetAssetComment.obj
E:\Projects\3DOCM\Software\Source\AMP_01\ampsLib\Debug\moc_ampsWidgetAssetProp.obj
E:\Projects\3DOCM\Software\Source\AMP_01\ampsLib\Debug\moc_ampsWidgetAssetRevision.obj
E:\Projects\3DOCM\Software\Source\AMP_01\ampsLib\Debug\moc_ampsWidgetAssetSelector.obj
E:\Projects\3DOCM\Software\Source\AMP_01\ampsLib\Debug\moc_ampsWidgetAssetTNView.obj
E:\Projects\3DOCM\Software\Source\AMP_01\ampsLib\Debug\moc_ampsWidgetAutheticateUser.obj
E:\Projects\3DOCM\Software\Source\AMP_01\ampsLib\Debug\moc_ampsWidgetFolderSelector.obj
E:\Projects\3DOCM\Software\Source\AMP_01\ampsLib\Debug\moc_ampsWidgetFolderView.obj
E:\Projects\3DOCM\Software\Source\AMP_01\ampsLib\Debug\moc_ampsWidgetManageProjSelector.obj
E:\Projects\3DOCM\Software\Source\AMP_01\ampsLib\Debug\moc_ampsWidgetProjBulletin.obj
E:\Projects\3DOCM\Software\Source\AMP_01\ampsLib\Debug\moc_ampsWidgetProjChart.obj
E:\Projects\3DOCM\Software\Source\AMP_01\ampsLib\Debug\moc_ampsWidgetProjInfo.obj
E:\Projects\3DOCM\Software\Source\AMP_01\ampsLib\Debug\moc_ampsWidgetProjSelector.obj
E:\Projects\3DOCM\Software\Source\AMP_01\ampsLib\Debug\moc_droparea.obj
E:\Projects\3DOCM\Software\Source\AMP_01\ampsLib\Debug\moc_dropsitewindow.obj
E:\Projects\3DOCM\Software\Source\AMP_01\ampsLib\Debug\moc_MgDialog.obj
E:\Projects\3DOCM\Software\Source\AMP_01\ampsLib\Debug\moc_MgScrollArea.obj
E:\Projects\3DOCM\Software\Source\AMP_01\ampsLib\Debug\moc_MgWidget.obj
E:\Projects\3DOCM\Software\Source\AMP_01\ampsLib\Debug\vc100.pdb
E:\Projects\3DOCM\Software\Source\AMP_01\Win32\Debug\ampsLib.lib
E:\PROJECTS\AMPS\DESKTOP\AMP_01\AMPSLIB\DEBUG\AMPSDATADOC.OBJ
E:\PROJECTS\AMPS\DESKTOP\AMP_01\AMPSLIB\DEBUG\AMPSDOCKWIDGETBASE.OBJ
E:\PROJECTS\AMPS\DESKTOP\AMP_01\AMPSLIB\DEBUG\AMPSMAINWINBASE.OBJ
E:\PROJECTS\AMPS\DESKTOP\AMP_01\AMPSLIB\DEBUG\AMPSNETWORK.OBJ
E:\PROJECTS\AMPS\DESKTOP\AMP_01\AMPSLIB\DEBUG\AMPSOPERATIONALLQTGUI.OBJ
E:\PROJECTS\AMPS\DESKTOP\AMP_01\AMPSLIB\DEBUG\AMPSOPERATIONALLQTGUI_CONNECT.OBJ
E:\PROJECTS\AMPS\DESKTOP\AMP_01\AMPSLIB\DEBUG\AMPSOPERATIONALLQTGUI_SLOTS.OBJ
E:\PROJECTS\AMPS\DESKTOP\AMP_01\AMPSLIB\DEBUG\AMPSOPERATIONAUTHETICATEUSER.OBJ
E:\PROJECTS\AMPS\DESKTOP\AMP_01\AMPSLIB\DEBUG\AMPSOPERATIONBASE.OBJ
E:\PROJECTS\AMPS\DESKTOP\AMP_01\AMPSLIB\DEBUG\AMPSOPERATIONPROJDOWNLOAD.OBJ
E:\PROJECTS\AMPS\DESKTOP\AMP_01\AMPSLIB\DEBUG\AMPSOPERATIONPROJINFO.OBJ
E:\PROJECTS\AMPS\DESKTOP\AMP_01\AMPSLIB\DEBUG\AMPSOPERATIONPROJINFO_SLOTS.OBJ
E:\PROJECTS\AMPS\DESKTOP\AMP_01\AMPSLIB\DEBUG\AMPSSORTPROXYITEMVIEW.OBJ
E:\PROJECTS\AMPS\DESKTOP\AMP_01\AMPSLIB\DEBUG\AMPSTABDOCKWINASSETVIEW.OBJ
E:\PROJECTS\AMPS\DESKTOP\AMP_01\AMPSLIB\DEBUG\AMPSTABDOCKWINFOLDERVIEW.OBJ
E:\PROJECTS\AMPS\DESKTOP\AMP_01\AMPSLIB\DEBUG\AMPSTABDOCKWINPROJVIEW.OBJ
E:\PROJECTS\AMPS\DESKTOP\AMP_01\AMPSLIB\DEBUG\AMPSTREEVIEW.OBJ
E:\PROJECTS\AMPS\DESKTOP\AMP_01\AMPSLIB\DEBUG\AMPSTREEWIDGETBASE.OBJ
E:\PROJECTS\AMPS\DESKTOP\AMP_01\AMPSLIB\DEBUG\AMPSVIEWCONTAINERQTGUI.OBJ
E:\PROJECTS\AMPS\DESKTOP\AMP_01\AMPSLIB\DEBUG\AMPSWIDGETASSETCOMMENT.OBJ
E:\PROJECTS\AMPS\DESKTOP\AMP_01\AMPSLIB\DEBUG\AMPSWIDGETASSETPROP.OBJ
E:\PROJECTS\AMPS\DESKTOP\AMP_01\AMPSLIB\DEBUG\AMPSWIDGETASSETREVISION.OBJ
E:\PROJECTS\AMPS\DESKTOP\AMP_01\AMPSLIB\DEBUG\AMPSWIDGETASSETSELECTOR.OBJ
E:\PROJECTS\AMPS\DESKTOP\AMP_01\AMPSLIB\DEBUG\AMPSWIDGETASSETTNVIEW.OBJ
E:\PROJECTS\AMPS\DESKTOP\AMP_01\AMPSLIB\DEBUG\AMPSWIDGETAUTHETICATEUSER.OBJ
E:\PROJECTS\AMPS\DESKTOP\AMP_01\AMPSLIB\DEBUG\AMPSWIDGETFOLDERSELECTOR.OBJ
E:\PROJECTS\AMPS\DESKTOP\AMP_01\AMPSLIB\DEBUG\AMPSWIDGETFOLDERVIEW.OBJ
E:\PROJECTS\AMPS\DESKTOP\AMP_01\AMPSLIB\DEBUG\AMPSWIDGETMANAGEPROJSELECTOR.OBJ
E:\PROJECTS\AMPS\DESKTOP\AMP_01\AMPSLIB\DEBUG\AMPSWIDGETPROJBULLETIN.OBJ
E:\PROJECTS\AMPS\DESKTOP\AMP_01\AMPSLIB\DEBUG\AMPSWIDGETPROJCHART.OBJ
E:\PROJECTS\AMPS\DESKTOP\AMP_01\AMPSLIB\DEBUG\AMPSWIDGETPROJINFO.OBJ
E:\PROJECTS\AMPS\DESKTOP\AMP_01\AMPSLIB\DEBUG\AMPSWIDGETPROJSELECTOR.OBJ
E:\PROJECTS\AMPS\DESKTOP\AMP_01\AMPSLIB\DEBUG\AMPSWINPROJ.OBJ
E:\PROJECTS\AMPS\DESKTOP\AMP_01\AMPSLIB\DEBUG\AMPSWINPROJVIEW.OBJ
E:\PROJECTS\AMPS\DESKTOP\AMP_01\AMPSLIB\DEBUG\DROPAREA.OBJ
E:\PROJECTS\AMPS\DESKTOP\AMP_01\AMPSLIB\DEBUG\DROPSITEWINDOW.OBJ
E:\PROJECTS\AMPS\DESKTOP\AMP_01\AMPSLIB\DEBUG\MGDIALOG.OBJ
E:\PROJECTS\AMPS\DESKTOP\AMP_01\AMPSLIB\DEBUG\MGSCROLLAREA.OBJ
E:\PROJECTS\AMPS\DESKTOP\AMP_01\AMPSLIB\DEBUG\MGWIDGET.OBJ
E:\PROJECTS\AMPS\DESKTOP\AMP_01\AMPSLIB\DEBUG\MOC_AMPSDOCKWIDGETBASE.OBJ
E:\PROJECTS\AMPS\DESKTOP\AMP_01\AMPSLIB\DEBUG\MOC_AMPSMAINWINBASE.OBJ
E:\PROJECTS\AMPS\DESKTOP\AMP_01\AMPSLIB\DEBUG\MOC_AMPSNETWORK.OBJ
E:\PROJECTS\AMPS\DESKTOP\AMP_01\AMPSLIB\DEBUG\MOC_AMPSOPERATIONALLQTGUI.OBJ
E:\PROJECTS\AMPS\DESKTOP\AMP_01\AMPSLIB\DEBUG\MOC_AMPSOPERATIONAUTHETICATEUSER.OBJ
E:\PROJECTS\AMPS\DESKTOP\AMP_01\AMPSLIB\DEBUG\MOC_AMPSOPERATIONPROJINFO.OBJ
E:\PROJECTS\AMPS\DESKTOP\AMP_01\AMPSLIB\DEBUG\MOC_AMPSTABDOCKWINASSETVIEW.OBJ
E:\PROJECTS\AMPS\DESKTOP\AMP_01\AMPSLIB\DEBUG\MOC_AMPSTABDOCKWINFOLDERVIEW.OBJ
E:\PROJECTS\AMPS\DESKTOP\AMP_01\AMPSLIB\DEBUG\MOC_AMPSTABDOCKWINPROJVIEW.OBJ
E:\PROJECTS\AMPS\DESKTOP\AMP_01\AMPSLIB\DEBUG\MOC_AMPSTREEVIEW.OBJ
E:\PROJECTS\AMPS\DESKTOP\AMP_01\AMPSLIB\DEBUG\MOC_AMPSTREEWIDGETBASE.OBJ
E:\PROJECTS\AMPS\DESKTOP\AMP_01\AMPSLIB\DEBUG\MOC_AMPSVIEWCONTAINERQTGUI.OBJ
E:\PROJECTS\AMPS\DESKTOP\AMP_01\AMPSLIB\DEBUG\MOC_AMPSWIDGETASSETCOMMENT.OBJ
E:\PROJECTS\AMPS\DESKTOP\AMP_01\AMPSLIB\DEBUG\MOC_AMPSWIDGETASSETPROP.OBJ
E:\PROJECTS\AMPS\DESKTOP\AMP_01\AMPSLIB\DEBUG\MOC_AMPSWIDGETASSETREVISION.OBJ
E:\PROJECTS\AMPS\DESKTOP\AMP_01\AMPSLIB\DEBUG\MOC_AMPSWIDGETASSETSELECTOR.OBJ
E:\PROJECTS\AMPS\DESKTOP\AMP_01\AMPSLIB\DEBUG\MOC_AMPSWIDGETASSETTNVIEW.OBJ
E:\PROJECTS\AMPS\DESKTOP\AMP_01\AMPSLIB\DEBUG\MOC_AMPSWIDGETAUTHETICATEUSER.OBJ
E:\PROJECTS\AMPS\DESKTOP\AMP_01\AMPSLIB\DEBUG\MOC_AMPSWIDGETFOLDERSELECTOR.OBJ
E:\PROJECTS\AMPS\DESKTOP\AMP_01\AMPSLIB\DEBUG\MOC_AMPSWIDGETFOLDERVIEW.OBJ
E:\PROJECTS\AMPS\DESKTOP\AMP_01\AMPSLIB\DEBUG\MOC_AMPSWIDGETMANAGEPROJSELECTOR.OBJ
E:\PROJECTS\AMPS\DESKTOP\AMP_01\AMPSLIB\DEBUG\MOC_AMPSWIDGETPROJBULLETIN.OBJ
E:\PROJECTS\AMPS\DESKTOP\AMP_01\AMPSLIB\DEBUG\MOC_AMPSWIDGETPROJCHART.OBJ
E:\PROJECTS\AMPS\DESKTOP\AMP_01\AMPSLIB\DEBUG\MOC_AMPSWIDGETPROJINFO.OBJ
E:\PROJECTS\AMPS\DESKTOP\AMP_01\AMPSLIB\DEBUG\MOC_AMPSWIDGETPROJSELECTOR.OBJ
E:\PROJECTS\AMPS\DESKTOP\AMP_01\AMPSLIB\DEBUG\MOC_DROPAREA.OBJ
E:\PROJECTS\AMPS\DESKTOP\AMP_01\AMPSLIB\DEBUG\MOC_DROPSITEWINDOW.OBJ
E:\PROJECTS\AMPS\DESKTOP\AMP_01\AMPSLIB\DEBUG\MOC_MGDIALOG.OBJ
E:\PROJECTS\AMPS\DESKTOP\AMP_01\AMPSLIB\DEBUG\MOC_MGSCROLLAREA.OBJ
E:\PROJECTS\AMPS\DESKTOP\AMP_01\AMPSLIB\DEBUG\MOC_MGWIDGET.OBJ
E:\PROJECTS\AMPS\DESKTOP\AMP_01\AMPSLIB\DEBUG\VC100.PDB
E:\PROJECTS\AMPS\DESKTOP\AMP_01\AMPSLIB\GENERATEDFILES\DEBUG\MOC_AMPSDOCKWIDGETBASE.CPP
E:\PROJECTS\AMPS\DESKTOP\AMP_01\AMPSLIB\GENERATEDFILES\DEBUG\MOC_AMPSMAINWINBASE.CPP
E:\PROJECTS\AMPS\DESKTOP\AMP_01\AMPSLIB\GENERATEDFILES\DEBUG\MOC_AMPSNETWORK.CPP
E:\PROJECTS\AMPS\DESKTOP\AMP_01\AMPSLIB\GENERATEDFILES\DEBUG\MOC_AMPSOPERATIONALLQTGUI.CPP
E:\PROJECTS\AMPS\DESKTOP\AMP_01\AMPSLIB\GENERATEDFILES\DEBUG\MOC_AMPSOPERATIONAUTHETICATEUSER.CPP
E:\PROJECTS\AMPS\DESKTOP\AMP_01\AMPSLIB\GENERATEDFILES\DEBUG\MOC_AMPSOPERATIONPROJINFO.CPP
E:\PROJECTS\AMPS\DESKTOP\AMP_01\AMPSLIB\GENERATEDFILES\DEBUG\MOC_AMPSTABDOCKWINASSETVIEW.CPP
E:\PROJECTS\AMPS\DESKTOP\AMP_01\AMPSLIB\GENERATEDFILES\DEBUG\MOC_AMPSTABDOCKWINFOLDERVIEW.CPP
E:\PROJECTS\AMPS\DESKTOP\AMP_01\AMPSLIB\GENERATEDFILES\DEBUG\MOC_AMPSTABDOCKWINPROJVIEW.CPP
E:\PROJECTS\AMPS\DESKTOP\AMP_01\AMPSLIB\GENERATEDFILES\DEBUG\MOC_AMPSTREEVIEW.CPP
E:\PROJECTS\AMPS\DESKTOP\AMP_01\AMPSLIB\GENERATEDFILES\DEBUG\MOC_AMPSTREEWIDGETBASE.CPP
E:\PROJECTS\AMPS\DESKTOP\AMP_01\AMPSLIB\GENERATEDFILES\DEBUG\MOC_AMPSVIEWCONTAINERQTGUI.CPP
E:\PROJECTS\AMPS\DESKTOP\AMP_01\AMPSLIB\GENERATEDFILES\DEBUG\MOC_AMPSWIDGETASSETCOMMENT.CPP
E:\PROJECTS\AMPS\DESKTOP\AMP_01\AMPSLIB\GENERATEDFILES\DEBUG\MOC_AMPSWIDGETASSETPROP.CPP
E:\PROJECTS\AMPS\DESKTOP\AMP_01\AMPSLIB\GENERATEDFILES\DEBUG\MOC_AMPSWIDGETASSETREVISION.CPP
E:\PROJECTS\AMPS\DESKTOP\AMP_01\AMPSLIB\GENERATEDFILES\DEBUG\MOC_AMPSWIDGETASSETSELECTOR.CPP
E:\PROJECTS\AMPS\DESKTOP\AMP_01\AMPSLIB\GENERATEDFILES\DEBUG\MOC_AMPSWIDGETASSETTNVIEW.CPP
E:\PROJECTS\AMPS\DESKTOP\AMP_01\AMPSLIB\GENERATEDFILES\DEBUG\MOC_AMPSWIDGETAUTHETICATEUSER.CPP
E:\PROJECTS\AMPS\DESKTOP\AMP_01\AMPSLIB\GENERATEDFILES\DEBUG\MOC_AMPSWIDGETFOLDERSELECTOR.CPP
E:\PROJECTS\AMPS\DESKTOP\AMP_01\AMPSLIB\GENERATEDFILES\DEBUG\MOC_AMPSWIDGETFOLDERVIEW.CPP
E:\PROJECTS\AMPS\DESKTOP\AMP_01\AMPSLIB\GENERATEDFILES\DEBUG\MOC_AMPSWIDGETMANAGEPROJSELECTOR.CPP
E:\PROJECTS\AMPS\DESKTOP\AMP_01\AMPSLIB\GENERATEDFILES\DEBUG\MOC_AMPSWIDGETPROJBULLETIN.CPP
E:\PROJECTS\AMPS\DESKTOP\AMP_01\AMPSLIB\GENERATEDFILES\DEBUG\MOC_AMPSWIDGETPROJCHART.CPP
E:\PROJECTS\AMPS\DESKTOP\AMP_01\AMPSLIB\GENERATEDFILES\DEBUG\MOC_AMPSWIDGETPROJINFO.CPP
E:\PROJECTS\AMPS\DESKTOP\AMP_01\AMPSLIB\GENERATEDFILES\DEBUG\MOC_AMPSWIDGETPROJSELECTOR.CPP
E:\PROJECTS\AMPS\DESKTOP\AMP_01\AMPSLIB\GENERATEDFILES\DEBUG\MOC_DROPAREA.CPP
E:\PROJECTS\AMPS\DESKTOP\AMP_01\AMPSLIB\GENERATEDFILES\DEBUG\MOC_DROPSITEWINDOW.CPP
E:\PROJECTS\AMPS\DESKTOP\AMP_01\AMPSLIB\GENERATEDFILES\DEBUG\MOC_MGDIALOG.CPP
E:\PROJECTS\AMPS\DESKTOP\AMP_01\AMPSLIB\GENERATEDFILES\DEBUG\MOC_MGSCROLLAREA.CPP
E:\PROJECTS\AMPS\DESKTOP\AMP_01\AMPSLIB\GENERATEDFILES\DEBUG\MOC_MGWIDGET.CPP
E:\PROJECTS\AMPS\DESKTOP\AMP_01\AMPSLIB\GENERATEDFILES\UI_AMPSDOCKWIDGETASSETCOMMENT.H
E:\PROJECTS\AMPS\DESKTOP\AMP_01\AMPSLIB\GENERATEDFILES\UI_AMPSDOCKWIDGETASSETPROP.H
E:\PROJECTS\AMPS\DESKTOP\AMP_01\AMPSLIB\GENERATEDFILES\UI_AMPSDOCKWIDGETPROJBULLETIN.H
E:\PROJECTS\AMPS\DESKTOP\AMP_01\AMPSLIB\GENERATEDFILES\UI_AMPSDOCKWIDGETPROJCHART.H
E:\PROJECTS\AMPS\DESKTOP\AMP_01\AMPSLIB\GENERATEDFILES\UI_AMPSDOCKWIDGETPROJINFO.H
E:\PROJECTS\AMPS\DESKTOP\AMP_01\AMPSLIB\GENERATEDFILES\UI_AMPSMAINWINDOWOPERATIONALLQTGUI.H
E:\PROJECTS\AMPS\DESKTOP\AMP_01\AMPSLIB\GENERATEDFILES\UI_AMPSSCROLLWIDGETPROJINFO.H
E:\PROJECTS\AMPS\DESKTOP\AMP_01\AMPSLIB\GENERATEDFILES\UI_AMPSWIDGETASSETCOMMENT.H
E:\PROJECTS\AMPS\DESKTOP\AMP_01\AMPSLIB\GENERATEDFILES\UI_AMPSWIDGETASSETPROP.H
E:\PROJECTS\AMPS\DESKTOP\AMP_01\AMPSLIB\GENERATEDFILES\UI_AMPSWIDGETASSETREVISION.H
E:\PROJECTS\AMPS\DESKTOP\AMP_01\AMPSLIB\GENERATEDFILES\UI_AMPSWIDGETASSETSELECTOR.H
E:\PROJECTS\AMPS\DESKTOP\AMP_01\AMPSLIB\GENERATEDFILES\UI_AMPSWIDGETASSETTNVIEW.H
E:\PROJECTS\AMPS\DESKTOP\AMP_01\AMPSLIB\GENERATEDFILES\UI_AMPSWIDGETAUTHETICATEUSER.H
E:\PROJECTS\AMPS\DESKTOP\AMP_01\AMPSLIB\GENERATEDFILES\UI_AMPSWIDGETFOLDERSELECTOR.H
E:\PROJECTS\AMPS\DESKTOP\AMP_01\AMPSLIB\GENERATEDFILES\UI_AMPSWIDGETFOLDERVIEW.H
E:\PROJECTS\AMPS\DESKTOP\AMP_01\AMPSLIB\GENERATEDFILES\UI_AMPSWIDGETOPERATIONALLQTGUI.H
E:\PROJECTS\AMPS\DESKTOP\AMP_01\AMPSLIB\GENERATEDFILES\UI_AMPSWIDGETPROJBULLETIN.H
E:\PROJECTS\AMPS\DESKTOP\AMP_01\AMPSLIB\GENERATEDFILES\UI_AMPSWIDGETPROJCHART.H
E:\PROJECTS\AMPS\DESKTOP\AMP_01\AMPSLIB\GENERATEDFILES\UI_AMPSWIDGETPROJINFO.H
E:\PROJECTS\AMPS\DESKTOP\AMP_01\AMPSLIB\GENERATEDFILES\UI_AMPSWIDGETPROJSELECTOR.H
E:\PROJECTS\AMPS\DESKTOP\AMP_01\AMPSLIB\GENERATEDFILES\UI_AMPSWINPROJ.H
E:\PROJECTS\AMPS\DESKTOP\AMP_01\AMPSLIB\GENERATEDFILES\UI_AMPSWINPROJVIEW.H
E:\PROJECTS\AMPS\DESKTOP\AMP_01\WIN32\DEBUG\AMPSLIB.LIB
